[18:00:46] [main/INFO]: Using mbed TLS based native cipher.
[18:00:47] [main/INFO]: Using zlib based native compressor.
[18:00:47] [main/INFO]: Enabled Waterfall version git:Waterfall-Bootstrap:1.19-R0.1-SNAPSHOT:dca72c2:511
[18:00:47] [main/INFO]: Not on Windows, attempting to use enhanced EpollEventLoop
[18:00:47] [main/INFO]: Epoll is working, utilising it!
[18:00:48] [main/INFO]: Discovered module: ModuleSpec(name=cmd_alert, file=modules/cmd_alert.jar, provider=JenkinsModuleSource())
[18:00:48] [main/INFO]: Discovered module: ModuleSpec(name=cmd_find, file=modules/cmd_find.jar, provider=JenkinsModuleSource())
[18:00:48] [main/INFO]: Discovered module: ModuleSpec(name=cmd_list, file=modules/cmd_list.jar, provider=JenkinsModuleSource())
[18:00:48] [main/INFO]: Discovered module: ModuleSpec(name=cmd_send, file=modules/cmd_send.jar, provider=JenkinsModuleSource())
[18:00:48] [main/INFO]: Discovered module: ModuleSpec(name=cmd_server, file=modules/cmd_server.jar, provider=JenkinsModuleSource())
[18:00:48] [main/INFO]: Discovered module: ModuleSpec(name=reconnect_yaml, file=modules/reconnect_yaml.jar, provider=JenkinsModuleSource())
[18:00:48] [main/INFO]: Loaded plugin reconnect_yaml version git:reconnect_yaml:1.19-R0.1-SNAPSHOT:dca72c2:511 by WaterfallMC
[18:00:48] [main/INFO]: Loaded plugin cmd_find version git:cmd_find:1.19-R0.1-SNAPSHOT:dca72c2:511 by WaterfallMC
[18:00:48] [main/INFO]: Loaded plugin cmd_server version git:cmd_server:1.19-R0.1-SNAPSHOT:dca72c2:511 by WaterfallMC
[18:00:48] [main/INFO]: Loaded plugin cmd_alert version git:cmd_alert:1.19-R0.1-SNAPSHOT:dca72c2:511 by WaterfallMC
[18:00:48] [main/INFO]: Loaded plugin cmd_send version git:cmd_send:1.19-R0.1-SNAPSHOT:dca72c2:511 by WaterfallMC
[18:00:48] [main/INFO]: Loaded plugin cmd_list version git:cmd_list:1.19-R0.1-SNAPSHOT:dca72c2:511 by WaterfallMC
[18:00:48] [main/INFO] [EaglercraftXBungee]: Loading vanilla profile: lax1dude
[18:00:54] [main/WARN] [EaglercraftXBungee]: Profile load timed out
[18:00:54] [main/INFO]: Loaded plugin EaglercraftXBungee version 1.0.4 by lax1dude
[18:00:55] [Skin Download Thread #1/INFO] [EaglercraftXBungee]: Loaded vanilla profile: lax1dude
[18:00:55] [main/WARN]: Forced host server pvp is not defined
[18:00:55] [main/INFO]: Enabled plugin reconnect_yaml version git:reconnect_yaml:1.19-R0.1-SNAPSHOT:dca72c2:511 by WaterfallMC
[18:00:55] [main/INFO]: Enabled plugin cmd_find version git:cmd_find:1.19-R0.1-SNAPSHOT:dca72c2:511 by WaterfallMC
[18:00:55] [main/INFO]: Enabled plugin cmd_server version git:cmd_server:1.19-R0.1-SNAPSHOT:dca72c2:511 by WaterfallMC
[18:00:55] [main/INFO]: Enabled plugin cmd_alert version git:cmd_alert:1.19-R0.1-SNAPSHOT:dca72c2:511 by WaterfallMC
[18:00:55] [main/INFO]: Enabled plugin cmd_send version git:cmd_send:1.19-R0.1-SNAPSHOT:dca72c2:511 by WaterfallMC
[18:00:55] [main/INFO]: Enabled plugin cmd_list version git:cmd_list:1.19-R0.1-SNAPSHOT:dca72c2:511 by WaterfallMC
[18:00:55] [main/ERROR] [EaglercraftXBungee]: Online mode is set to false! Authentication system has been disabled
[18:00:55] [Netty Worker IO Thread #0/INFO] [EaglercraftXBungee]: Eaglercraft is listening on: /0.0.0.0:8081
[18:00:56] [main/INFO] [EaglercraftXBungee]: Connected to database: jdbc:sqlite:eaglercraft_skins_cache.db
[18:00:57] [main/INFO]: Enabled plugin EaglercraftXBungee version 1.0.4 by lax1dude
[18:00:57] [Netty Boss IO Thread #0/INFO]: Listening on /127.0.0.1:25577
